Using pre-set license
Built from '2020.3/staging' branch; Version is '2020.3.5f1 (8095aa901b9b) revision 8426922'; Using compiler version '192528614'; Build Type 'Release'
OS: 'Windows 10 Enterprise; OS build 19041.985; Version 2004; 64bit' Language: 'en' Physical Memory: 8057 MB
BatchMode: 1, IsHumanControllingUs: 0, StartBugReporterOnCrash: 0, Is64bit: 1, IsPro: 0

 COMMAND LINE ARGUMENTS:
C:\Program Files\Unity\Hub\Editor\2020.3.5f1\Editor\Unity.exe
-adb2
-batchMode
-noUpm
-name
AssetImportWorker0
-projectPath
D:/GameShowIdioms/IceCream
-logFile
Logs/AssetImportWorker0.log
-srvPort
55817
Successfully changed project path to: D:/GameShowIdioms/IceCream
D:/GameShowIdioms/IceCream
Using Asset Import Pipeline V2.
Refreshing native plugins compatible for Editor in 86.19 ms, found 0 plugins.
Preloading 0 native plugins for Editor in 0.00 ms.
Initialize engine version: 2020.3.5f1 (8095aa901b9b)
[Subsystems] Discovering subsystems at path C:/Program Files/Unity/Hub/Editor/2020.3.5f1/Editor/Data/Resources/UnitySubsystems
[Subsystems] Discovering subsystems at path D:/GameShowIdioms/IceCream/Assets
GfxDevice: creating device client; threaded=0
Direct3D:
    Version:  Direct3D 11.0 [level 11.1]
    Renderer: Intel(R) UHD Graphics 620 (ID=0x5917)
    Vendor:   
    VRAM:     4028 MB
    Driver:   27.20.100.8681
Initialize mono
Mono path[0] = 'C:/Program Files/Unity/Hub/Editor/2020.3.5f1/Editor/Data/Managed'
Mono path[1] = 'C:/Program Files/Unity/Hub/Editor/2020.3.5f1/Editor/Data/MonoBleedingEdge/lib/mono/unityjit'
Mono config path = 'C:/Program Files/Unity/Hub/Editor/2020.3.5f1/Editor/Data/MonoBleedingEdge/etc'
Using monoOptions --debugger-agent=transport=dt_socket,embedding=1,server=y,suspend=n,address=127.0.0.1:56328
Begin MonoManager ReloadAssembly
Registering precompiled unity dll's ...
Register platform support module: C:/Program Files/Unity/Hub/Editor/2020.3.5f1/Editor/Data/PlaybackEngines/WindowsStandaloneSupport/UnityEditor.WindowsStandalone.Extensions.dll
Registered in 0.004963 seconds.
Native extension for WindowsStandalone target not found
Refreshing native plugins compatible for Editor in 58.81 ms, found 0 plugins.
Preloading 0 native plugins for Editor in 0.00 ms.
Mono: successfully reloaded assembly
- Completed reload, in  5.988 seconds
Platform modules already initialized, skipping
Registering precompiled user dll's ...
Registered in 0.001179 seconds.
Begin MonoManager ReloadAssembly
Native extension for WindowsStandalone target not found
Refreshing native plugins compatible for Editor in 0.42 ms, found 0 plugins.
Preloading 0 native plugins for Editor in 0.00 ms.
Mono: successfully reloaded assembly
- Completed reload, in  2.094 seconds
Platform modules already initialized, skipping
========================================================================
Worker process is ready to serve import requests
Launched and connected shader compiler UnityShaderCompiler.exe after 0.13 seconds
Refreshing native plugins compatible for Editor in 0.38 ms, found 0 plugins.
Preloading 0 native plugins for Editor in 0.00 ms.
Unloading 1115 Unused Serialized files (Serialized files now loaded: 0)
System memory in use before: 57.1 MB.
System memory in use after: 57.1 MB.

Unloading 10 unused Assets to reduce memory usage. Loaded Objects now: 1557.
Total: 3.229600 ms (FindLiveObjects: 0.192000 ms CreateObjectMapping: 0.063200 ms MarkObjects: 2.819900 ms  DeleteObjects: 0.152400 ms)

========================================================================
Received Import Request.
  path: Assets/model.dae
  artifactKey: Guid(1a8236148ed09054f806a204bea5248d) Importer(815301076,1909f56bfc062723c751e8b465ee728b)
Start importing Assets/model.dae using Guid(1a8236148ed09054f806a204bea5248d) Importer(815301076,1909f56bfc062723c751e8b465ee728b)  -> (artifact id: '6c964d30f28c13b9706635a54445d11b') in 5.278304 seconds
  Import took 5.285278 seconds .

========================================================================
Received Import Request.
  Time since last request: 28.458140 seconds.
  path: Assets/model.dae
  artifactKey: Guid(1a8236148ed09054f806a204bea5248d) Importer(815301076,1909f56bfc062723c751e8b465ee728b)
Start importing Assets/model.dae using Guid(1a8236148ed09054f806a204bea5248d) Importer(815301076,1909f56bfc062723c751e8b465ee728b)  -> (artifact id: '5f5bb67c35c33b9ac95deebf1e7c3272') in 1.387668 seconds
  Import took 1.394534 seconds .

========================================================================
Received Import Request.
  Time since last request: 0.000589 seconds.
  path: Assets/lambert21SG.mat
  artifactKey: Guid(c40231a7ef02a6343a383b03ecc25c6f) Importer(815301076,1909f56bfc062723c751e8b465ee728b)
Start importing Assets/lambert21SG.mat using Guid(c40231a7ef02a6343a383b03ecc25c6f) Importer(815301076,1909f56bfc062723c751e8b465ee728b)  -> (artifact id: '3d8ad426b710594628cf7bfc6c2fabeb') in 0.102791 seconds
  Import took 0.108274 seconds .

========================================================================
Received Import Request.
  Time since last request: 0.000520 seconds.
  path: Assets/lambert24SG.mat
  artifactKey: Guid(4f692ac08dd96b94d857423b5611ca2b) Importer(815301076,1909f56bfc062723c751e8b465ee728b)
Start importing Assets/lambert24SG.mat using Guid(4f692ac08dd96b94d857423b5611ca2b) Importer(815301076,1909f56bfc062723c751e8b465ee728b)  -> (artifact id: '1523b35c121910764012656f4339532a') in 0.026478 seconds
  Import took 0.032336 seconds .

========================================================================
Received Import Request.
  Time since last request: 0.000644 seconds.
  path: Assets/lambert26SG.mat
  artifactKey: Guid(5c0018c7939574d4ba2e8849ef85ba3e) Importer(815301076,1909f56bfc062723c751e8b465ee728b)
Start importing Assets/lambert26SG.mat using Guid(5c0018c7939574d4ba2e8849ef85ba3e) Importer(815301076,1909f56bfc062723c751e8b465ee728b)  -> (artifact id: 'de0b1e0f549271aaaa87dac0ce0281fb') in 0.030424 seconds
  Import took 0.036290 seconds .

========================================================================
Received Import Request.
  Time since last request: 0.000435 seconds.
  path: Assets/lambert23SG.mat
  artifactKey: Guid(b6855fcfabcbd0e408d463b6617aabca) Importer(815301076,1909f56bfc062723c751e8b465ee728b)
Start importing Assets/lambert23SG.mat using Guid(b6855fcfabcbd0e408d463b6617aabca) Importer(815301076,1909f56bfc062723c751e8b465ee728b)  -> (artifact id: '1f329b5319ba4c393007e929c5c40399') in 0.028167 seconds
  Import took 0.034846 seconds .

========================================================================
Received Import Request.
  Time since last request: 0.000597 seconds.
  path: Assets/lambert25SG.mat
  artifactKey: Guid(9f095b14f0fb2fe428383b027e020fb6) Importer(815301076,1909f56bfc062723c751e8b465ee728b)
Start importing Assets/lambert25SG.mat using Guid(9f095b14f0fb2fe428383b027e020fb6) Importer(815301076,1909f56bfc062723c751e8b465ee728b)  -> (artifact id: '2e01ce9cd4c4a2e8d27aca90c026388d') in 0.083445 seconds
  Import took 0.088729 seconds .

========================================================================
Received Import Request.
  Time since last request: 9.178274 seconds.
  path: Assets/textures
  artifactKey: Guid(0df91af570893e34f92db149f0f4a05b) Importer(815301076,1909f56bfc062723c751e8b465ee728b)
Start importing Assets/textures using Guid(0df91af570893e34f92db149f0f4a05b) Importer(815301076,1909f56bfc062723c751e8b465ee728b)  -> (artifact id: 'cc772bedacea90215a862486d654d0c1') in 0.013865 seconds
  Import took 0.017560 seconds .

========================================================================
Received Import Request.
  Time since last request: 0.354189 seconds.
  path: Assets/textures/lambert21SG_albedo.jpg
  artifactKey: Guid(df3fe18a2034e624487b24506c3fb7ea) Importer(815301076,1909f56bfc062723c751e8b465ee728b)
Start importing Assets/textures/lambert21SG_albedo.jpg using Guid(df3fe18a2034e624487b24506c3fb7ea) Importer(815301076,1909f56bfc062723c751e8b465ee728b)  -> (artifact id: '135b30a3f32fd2292adeb96dbc57a056') in 0.337640 seconds
  Import took 0.345761 seconds .

========================================================================
Received Import Request.
  Time since last request: 0.000479 seconds.
  path: Assets/textures/lambert23SG_opacity.jpg
  artifactKey: Guid(fa913bb1e90a13941b3e64307a62191b) Importer(815301076,1909f56bfc062723c751e8b465ee728b)
Start importing Assets/textures/lambert23SG_opacity.jpg using Guid(fa913bb1e90a13941b3e64307a62191b) Importer(815301076,1909f56bfc062723c751e8b465ee728b)  -> (artifact id: '7a1359e474119d3fa8421050f959d1a6') in 0.030250 seconds
  Import took 0.034127 seconds .

========================================================================
Received Import Request.
  Time since last request: 0.000464 seconds.
  path: Assets/textures/lambert23SG_roughness.jpg
  artifactKey: Guid(9263b19bb6c08bd4d87cd8b71714b677) Importer(815301076,1909f56bfc062723c751e8b465ee728b)
Start importing Assets/textures/lambert23SG_roughness.jpg using Guid(9263b19bb6c08bd4d87cd8b71714b677) Importer(815301076,1909f56bfc062723c751e8b465ee728b)  -> (artifact id: 'c5fb4b7eeca484d9f69b86fddda92aa7') in 0.025727 seconds
  Import took 0.031168 seconds .

========================================================================
Received Import Request.
  Time since last request: 0.000453 seconds.
  path: Assets/textures/lambert24SG_roughness.jpg
  artifactKey: Guid(8b72098bef5ab774f82de8c8dbf6a09a) Importer(815301076,1909f56bfc062723c751e8b465ee728b)
Start importing Assets/textures/lambert24SG_roughness.jpg using Guid(8b72098bef5ab774f82de8c8dbf6a09a) Importer(815301076,1909f56bfc062723c751e8b465ee728b)  -> (artifact id: '83c21037d5381b68eac9e7f2809a2a02') in 0.024607 seconds
  Import took 0.028963 seconds .

========================================================================
Received Import Request.
  Time since last request: 0.000470 seconds.
  path: Assets/textures/lambert25SG_normal.png
  artifactKey: Guid(47b0801af3c13954d94b756886c74d3a) Importer(815301076,1909f56bfc062723c751e8b465ee728b)
Start importing Assets/textures/lambert25SG_normal.png using Guid(47b0801af3c13954d94b756886c74d3a) Importer(815301076,1909f56bfc062723c751e8b465ee728b)  -> (artifact id: 'b5f94d99c7b4e70a55207b73d4c8be8e') in 0.030210 seconds
  Import took 0.033802 seconds .

========================================================================
Received Import Request.
  Time since last request: 0.000425 seconds.
  path: Assets/textures/lambert25SG_albedo.jpg
  artifactKey: Guid(2053c933725d7d646894b3af19bd3291) Importer(815301076,1909f56bfc062723c751e8b465ee728b)
Start importing Assets/textures/lambert25SG_albedo.jpg using Guid(2053c933725d7d646894b3af19bd3291) Importer(815301076,1909f56bfc062723c751e8b465ee728b)  -> (artifact id: '4e616b2da7c85345bac718296bbdb80b') in 0.025317 seconds
  Import took 0.029384 seconds .

========================================================================
Received Import Request.
  Time since last request: 0.000395 seconds.
  path: Assets/textures/lambert25SG_opacity.jpg
  artifactKey: Guid(67f96a2a4a2fdb44f8e2c5db0e2bd5ad) Importer(815301076,1909f56bfc062723c751e8b465ee728b)
Start importing Assets/textures/lambert25SG_opacity.jpg using Guid(67f96a2a4a2fdb44f8e2c5db0e2bd5ad) Importer(815301076,1909f56bfc062723c751e8b465ee728b)  -> (artifact id: '527b729680407f7dc338d915d9a1f9a0') in 0.022246 seconds
  Import took 0.026977 seconds .

========================================================================
Received Import Request.
  Time since last request: 0.000358 seconds.
  path: Assets/textures/lambert25SG_roughness.jpg
  artifactKey: Guid(0119f8df6c7dabc458c69a7c215d83f6) Importer(815301076,1909f56bfc062723c751e8b465ee728b)
Start importing Assets/textures/lambert25SG_roughness.jpg using Guid(0119f8df6c7dabc458c69a7c215d83f6) Importer(815301076,1909f56bfc062723c751e8b465ee728b)  -> (artifact id: '16ff6cbb98e2f2d3f7b6a61c6db57881') in 0.026227 seconds
  Import took 0.030472 seconds .

========================================================================
Received Import Request.
  Time since last request: 0.000416 seconds.
  path: Assets/textures/lambert24SG_normal.png
  artifactKey: Guid(40d60b5a4155ce34890652c7df479bfe) Importer(815301076,1909f56bfc062723c751e8b465ee728b)
Start importing Assets/textures/lambert24SG_normal.png using Guid(40d60b5a4155ce34890652c7df479bfe) Importer(815301076,1909f56bfc062723c751e8b465ee728b)  -> (artifact id: '1a76fccc15bb47fa9329181966b59e3d') in 0.021050 seconds
  Import took 0.025432 seconds .

========================================================================
Received Import Request.
  Time since last request: 0.000540 seconds.
  path: Assets/textures/lambert26SG_roughness.jpg
  artifactKey: Guid(0d184fe599eda0848a0b0ff221872517) Importer(815301076,1909f56bfc062723c751e8b465ee728b)
Start importing Assets/textures/lambert26SG_roughness.jpg using Guid(0d184fe599eda0848a0b0ff221872517) Importer(815301076,1909f56bfc062723c751e8b465ee728b)  -> (artifact id: '96251cbe765047e6c1b986687fe55fb7') in 0.025013 seconds
  Import took 0.029367 seconds .

========================================================================
Received Import Request.
  Time since last request: 0.000433 seconds.
  path: Assets/textures/lambert26SG_opacity.jpg
  artifactKey: Guid(a3b04d417b4d93d478284e311a027d23) Importer(815301076,1909f56bfc062723c751e8b465ee728b)
Start importing Assets/textures/lambert26SG_opacity.jpg using Guid(a3b04d417b4d93d478284e311a027d23) Importer(815301076,1909f56bfc062723c751e8b465ee728b)  -> (artifact id: 'ea0366a132020162840f7a55859736e9') in 0.025454 seconds
  Import took 0.029572 seconds .

========================================================================
Received Import Request.
  Time since last request: 0.000466 seconds.
  path: Assets/textures/lambert25SG_metallic.jpg
  artifactKey: Guid(fc185a9689bb2784c9aa4453c59cc3cb) Importer(815301076,1909f56bfc062723c751e8b465ee728b)
Start importing Assets/textures/lambert25SG_metallic.jpg using Guid(fc185a9689bb2784c9aa4453c59cc3cb) Importer(815301076,1909f56bfc062723c751e8b465ee728b)  -> (artifact id: 'af96d9c9987d1a0cfad9c186817ee4ca') in 0.025966 seconds
  Import took 0.030659 seconds .

========================================================================
Received Import Request.
  Time since last request: 0.000458 seconds.
  path: Assets/textures/lambert26SG_albedo.jpg
  artifactKey: Guid(a4fdb6b6ec020d541a5eab003d85692c) Importer(815301076,1909f56bfc062723c751e8b465ee728b)
Start importing Assets/textures/lambert26SG_albedo.jpg using Guid(a4fdb6b6ec020d541a5eab003d85692c) Importer(815301076,1909f56bfc062723c751e8b465ee728b)  -> (artifact id: 'dcb53b611865fa19f1f28220f6db14f0') in 0.026520 seconds
  Import took 0.030983 seconds .

========================================================================
Received Import Request.
  Time since last request: 0.000544 seconds.
  path: Assets/textures/lambert21SG_roughness.jpg
  artifactKey: Guid(1f763582ab8dc2c45817e52f3e0cf457) Importer(815301076,1909f56bfc062723c751e8b465ee728b)
Start importing Assets/textures/lambert21SG_roughness.jpg using Guid(1f763582ab8dc2c45817e52f3e0cf457) Importer(815301076,1909f56bfc062723c751e8b465ee728b)  -> (artifact id: '52d3267c86297de59b91d9cbd5b23198') in 0.145428 seconds
  Import took 0.153706 seconds .

========================================================================
Received Import Request.
  Time since last request: 0.000892 seconds.
  path: Assets/textures/lambert23SG_metallic.jpg
  artifactKey: Guid(f556b49f3e00bf346aea380088b2927e) Importer(815301076,1909f56bfc062723c751e8b465ee728b)
Start importing Assets/textures/lambert23SG_metallic.jpg using Guid(f556b49f3e00bf346aea380088b2927e) Importer(815301076,1909f56bfc062723c751e8b465ee728b)  -> (artifact id: '701629b035febbe0794831a85c44d7f5') in 0.048429 seconds
  Import took 0.058081 seconds .

========================================================================
Received Import Request.
  Time since last request: 0.000917 seconds.
  path: Assets/textures/lambert24SG_metallic.jpg
  artifactKey: Guid(71014c456914a2c40820f01e4796a68d) Importer(815301076,1909f56bfc062723c751e8b465ee728b)
Start importing Assets/textures/lambert24SG_metallic.jpg using Guid(71014c456914a2c40820f01e4796a68d) Importer(815301076,1909f56bfc062723c751e8b465ee728b)  -> (artifact id: '01f8a3e2831d9f54c8b016c3240ad34b') in 0.045717 seconds
  Import took 0.052857 seconds .

========================================================================
Received Import Request.
  Time since last request: 0.000905 seconds.
  path: Assets/textures/lambert26SG_normal.png
  artifactKey: Guid(e5fe2d5e8b3fe7449af7ea8abeb9db41) Importer(815301076,1909f56bfc062723c751e8b465ee728b)
Start importing Assets/textures/lambert26SG_normal.png using Guid(e5fe2d5e8b3fe7449af7ea8abeb9db41) Importer(815301076,1909f56bfc062723c751e8b465ee728b)  -> (artifact id: '61dc38369b02588821b09e05a0a2e2fa') in 0.120952 seconds
  Import took 0.129978 seconds .

========================================================================
Received Import Request.
  Time since last request: 0.000825 seconds.
  path: Assets/textures/lambert21SG_opacity.jpg
  artifactKey: Guid(c6e2282b755a1ef498aace234016729b) Importer(815301076,1909f56bfc062723c751e8b465ee728b)
Start importing Assets/textures/lambert21SG_opacity.jpg using Guid(c6e2282b755a1ef498aace234016729b) Importer(815301076,1909f56bfc062723c751e8b465ee728b)  -> (artifact id: 'ede0f5fbe7815ec41b5ab427ec321b05') in 0.232047 seconds
  Import took 0.240762 seconds .

========================================================================
Received Import Request.
  Time since last request: 0.001016 seconds.
  path: Assets/textures/lambert23SG_albedo.jpg
  artifactKey: Guid(dfd5eecb401e47e4a8ec123aeaaeb806) Importer(815301076,1909f56bfc062723c751e8b465ee728b)
Start importing Assets/textures/lambert23SG_albedo.jpg using Guid(dfd5eecb401e47e4a8ec123aeaaeb806) Importer(815301076,1909f56bfc062723c751e8b465ee728b)  -> (artifact id: '5ec60b0bdbb00b4967ab7022822403f9') in 0.048276 seconds
  Import took 0.056740 seconds .

========================================================================
Received Import Request.
  Time since last request: 0.000905 seconds.
  path: Assets/textures/lambert23SG_normal.png
  artifactKey: Guid(5bc55d9f21c39a345b5c62de336e8d08) Importer(815301076,1909f56bfc062723c751e8b465ee728b)
Start importing Assets/textures/lambert23SG_normal.png using Guid(5bc55d9f21c39a345b5c62de336e8d08) Importer(815301076,1909f56bfc062723c751e8b465ee728b)  -> (artifact id: '8fe2a4efe11f7379aa26925108a240db') in 0.306546 seconds
  Import took 0.315239 seconds .

========================================================================
Received Import Request.
  Time since last request: 0.000870 seconds.
  path: Assets/textures/lambert21SG_normal.png
  artifactKey: Guid(5d0d1a5d68e7fb548bec3ff7e3295d3d) Importer(815301076,1909f56bfc062723c751e8b465ee728b)
Start importing Assets/textures/lambert21SG_normal.png using Guid(5d0d1a5d68e7fb548bec3ff7e3295d3d) Importer(815301076,1909f56bfc062723c751e8b465ee728b)  -> (artifact id: '4406fff1409a472dbbef6f0f348b1ae3') in 0.027297 seconds
  Import took 0.032013 seconds .

========================================================================
Received Import Request.
  Time since last request: 0.000422 seconds.
  path: Assets/textures/lambert24SG_albedo.jpg
  artifactKey: Guid(adc909bbf5113de438bda47654b4f7b1) Importer(815301076,1909f56bfc062723c751e8b465ee728b)
Start importing Assets/textures/lambert24SG_albedo.jpg using Guid(adc909bbf5113de438bda47654b4f7b1) Importer(815301076,1909f56bfc062723c751e8b465ee728b)  -> (artifact id: '4050319d3ad34437cfd8259e5ccfba33') in 0.027721 seconds
  Import took 0.031262 seconds .

========================================================================
Received Import Request.
  Time since last request: 0.000397 seconds.
  path: Assets/textures/lambert21SG_metallic.jpg
  artifactKey: Guid(48d39bf962f56384faaed6531d953e68) Importer(815301076,1909f56bfc062723c751e8b465ee728b)
Start importing Assets/textures/lambert21SG_metallic.jpg using Guid(48d39bf962f56384faaed6531d953e68) Importer(815301076,1909f56bfc062723c751e8b465ee728b)  -> (artifact id: '759029fe43a344885be4cf7b2767611d') in 0.024072 seconds
  Import took 0.027671 seconds .

========================================================================
Received Import Request.
  Time since last request: 0.000426 seconds.
  path: Assets/textures/lambert26SG_metallic.jpg
  artifactKey: Guid(66148724a67c16345a096dcfa63684cc) Importer(815301076,1909f56bfc062723c751e8b465ee728b)
Start importing Assets/textures/lambert26SG_metallic.jpg using Guid(66148724a67c16345a096dcfa63684cc) Importer(815301076,1909f56bfc062723c751e8b465ee728b)  -> (artifact id: '0629e230902d6b4f8d432632e4c781a0') in 0.135303 seconds
  Import took 0.139121 seconds .

========================================================================
Received Import Request.
  Time since last request: 1243.250065 seconds.
  path: Assets/final
  artifactKey: Guid(daf08b3c103624646ac3e0e474d42d05) Importer(815301076,1909f56bfc062723c751e8b465ee728b)
Start importing Assets/final using Guid(daf08b3c103624646ac3e0e474d42d05) Importer(815301076,1909f56bfc062723c751e8b465ee728b)  -> (artifact id: '7cd9ed7c5ea16486971ae19c5d8cf47d') in 0.007680 seconds
  Import took 0.010268 seconds .

========================================================================
Received Import Request.
  Time since last request: 0.000280 seconds.
  path: Assets/final/Burger_board.jpg
  artifactKey: Guid(58064a1e2c9465a4abaa6a58de97a70a) Importer(815301076,1909f56bfc062723c751e8b465ee728b)
Start importing Assets/final/Burger_board.jpg using Guid(58064a1e2c9465a4abaa6a58de97a70a) Importer(815301076,1909f56bfc062723c751e8b465ee728b)  -> (artifact id: 'c4aab7c3685e36a1f1b3842ad06d95f0') in 0.089806 seconds
  Import took 0.091990 seconds .

========================================================================
Received Import Request.
  Time since last request: 0.000301 seconds.
  path: Assets/final/final.obj
  artifactKey: Guid(ba734122f1dd1cc439466e3f24c76a7b) Importer(815301076,1909f56bfc062723c751e8b465ee728b)
Start importing Assets/final/final.obj using Guid(ba734122f1dd1cc439466e3f24c76a7b) Importer(815301076,1909f56bfc062723c751e8b465ee728b)  -> (artifact id: '0204f2c671eea22e7d392d0b76d2fe50') in 3.176159 seconds
  Import took 3.180484 seconds .

========================================================================
Received Import Request.
  Time since last request: 0.000285 seconds.
  path: Assets/final/cushion.jpg
  artifactKey: Guid(c550cec5e59b26a4c9579568273e7f28) Importer(815301076,1909f56bfc062723c751e8b465ee728b)
Start importing Assets/final/cushion.jpg using Guid(c550cec5e59b26a4c9579568273e7f28) Importer(815301076,1909f56bfc062723c751e8b465ee728b)  -> (artifact id: '6eff153a6dc3ec7b72c8b33a483f25ae') in 0.013390 seconds
  Import took 0.015473 seconds .

========================================================================
Received Import Request.
  Time since last request: 0.000212 seconds.
  path: Assets/final/wall.jpg
  artifactKey: Guid(c5a4a78c84c5138488ad439b6dbcaf5a) Importer(815301076,1909f56bfc062723c751e8b465ee728b)
Start importing Assets/final/wall.jpg using Guid(c5a4a78c84c5138488ad439b6dbcaf5a) Importer(815301076,1909f56bfc062723c751e8b465ee728b)  -> (artifact id: '446752f9ddbe6108f3f53a3cd0993f6b') in 0.021375 seconds
  Import took 0.023423 seconds .

========================================================================
Received Import Request.
  Time since last request: 0.000312 seconds.
  path: Assets/final/trim.jpg
  artifactKey: Guid(5b833675a00281743b37044011eaab57) Importer(815301076,1909f56bfc062723c751e8b465ee728b)
Start importing Assets/final/trim.jpg using Guid(5b833675a00281743b37044011eaab57) Importer(815301076,1909f56bfc062723c751e8b465ee728b)  -> (artifact id: '3034ad4e4c9401e6c1a175c6381e8600') in 0.010509 seconds
  Import took 0.054898 seconds .

========================================================================
Received Import Request.
  Time since last request: 14.300132 seconds.
  path: Assets/final/final.obj
  artifactKey: Guid(ba734122f1dd1cc439466e3f24c76a7b) Importer(815301076,1909f56bfc062723c751e8b465ee728b)
Start importing Assets/final/final.obj using Guid(ba734122f1dd1cc439466e3f24c76a7b) Importer(815301076,1909f56bfc062723c751e8b465ee728b)  -> (artifact id: '8b60198377d91759dda85df69db6dbb6') in 1.880329 seconds
  Import took 2.361857 seconds .

========================================================================
Received Import Request.
  Time since last request: 0.000558 seconds.
  path: Assets/final/blinn3SG.mat
  artifactKey: Guid(b2d41d84fdbbd044cb13b4adbdeb31d0) Importer(815301076,1909f56bfc062723c751e8b465ee728b)
Start importing Assets/final/blinn3SG.mat using Guid(b2d41d84fdbbd044cb13b4adbdeb31d0) Importer(815301076,1909f56bfc062723c751e8b465ee728b)  -> (artifact id: 'a192f51a614f0b00cfbd2f72fc8672a0') in 0.018916 seconds
  Import took 0.021802 seconds .

========================================================================
Received Import Request.
  Time since last request: 0.000282 seconds.
  path: Assets/final/blinn30SG.mat
  artifactKey: Guid(490752531a13487468ac7ea6fcf90679) Importer(815301076,1909f56bfc062723c751e8b465ee728b)
Start importing Assets/final/blinn30SG.mat using Guid(490752531a13487468ac7ea6fcf90679) Importer(815301076,1909f56bfc062723c751e8b465ee728b)  -> (artifact id: 'ab11157726e8b5751fa3528a9bbe5dbc') in 0.587909 seconds
  Import took 0.655285 seconds .

========================================================================
Received Import Request.
  Time since last request: 0.000325 seconds.
  path: Assets/final/sink_water1SG.mat
  artifactKey: Guid(45b604724dab88d4c89ebe96194016cc) Importer(815301076,1909f56bfc062723c751e8b465ee728b)
Start importing Assets/final/sink_water1SG.mat using Guid(45b604724dab88d4c89ebe96194016cc) Importer(815301076,1909f56bfc062723c751e8b465ee728b)  -> (artifact id: 'b961a341eee9a2c3b4b1afab59e80fdc') in 0.019314 seconds
  Import took 0.118438 seconds .

========================================================================
Received Import Request.
  Time since last request: 0.000312 seconds.
  path: Assets/final/blinn25SG.mat
  artifactKey: Guid(af4ffdec3bca13d4a8b3a068389fbdd0) Importer(815301076,1909f56bfc062723c751e8b465ee728b)
Start importing Assets/final/blinn25SG.mat using Guid(af4ffdec3bca13d4a8b3a068389fbdd0) Importer(815301076,1909f56bfc062723c751e8b465ee728b)  -> (artifact id: '429154e39785bad53786193f24b961ee') in 0.014887 seconds
  Import took 0.019447 seconds .

========================================================================
Received Import Request.
  Time since last request: 0.000424 seconds.
  path: Assets/final/blinn4SG.mat
  artifactKey: Guid(419871fc8b464f54eb3a08ba17a7d132) Importer(815301076,1909f56bfc062723c751e8b465ee728b)
Start importing Assets/final/blinn4SG.mat using Guid(419871fc8b464f54eb3a08ba17a7d132) Importer(815301076,1909f56bfc062723c751e8b465ee728b)  -> (artifact id: 'a684701ee2b052128578482a79de090d') in 0.014841 seconds
  Import took 0.019361 seconds .

========================================================================
Received Import Request.
  Time since last request: 0.000259 seconds.
  path: Assets/final/blinn9SG.mat
  artifactKey: Guid(185a9c39faf0e3a43a85b2a9fb15a518) Importer(815301076,1909f56bfc062723c751e8b465ee728b)
Start importing Assets/final/blinn9SG.mat using Guid(185a9c39faf0e3a43a85b2a9fb15a518) Importer(815301076,1909f56bfc062723c751e8b465ee728b)  -> (artifact id: 'e8fd5866d69047eeb34f6a392d8166bb') in 0.018761 seconds
  Import took 0.021846 seconds .

========================================================================
Received Import Request.
  Time since last request: 0.000294 seconds.
  path: Assets/final/blinn22SG.mat
  artifactKey: Guid(cd2e4ba7eb4c108488c63830a18d1bbc) Importer(815301076,1909f56bfc062723c751e8b465ee728b)
Start importing Assets/final/blinn22SG.mat using Guid(cd2e4ba7eb4c108488c63830a18d1bbc) Importer(815301076,1909f56bfc062723c751e8b465ee728b)  -> (artifact id: '495339502f5d20b32f0aeb6908c53110') in 0.023692 seconds
  Import took 0.027775 seconds .

========================================================================
Received Import Request.
  Time since last request: 0.000654 seconds.
  path: Assets/final/blinn19SG.mat
  artifactKey: Guid(66246be773a5fdf49bcd9b76605fbd6c) Importer(815301076,1909f56bfc062723c751e8b465ee728b)
Start importing Assets/final/blinn19SG.mat using Guid(66246be773a5fdf49bcd9b76605fbd6c) Importer(815301076,1909f56bfc062723c751e8b465ee728b)  -> (artifact id: '7bcd3751f98fe7f894ea60e738ebee7d') in 0.019162 seconds
  Import took 0.021606 seconds .

========================================================================
Received Import Request.
  Time since last request: 0.000296 seconds.
  path: Assets/final/initialParticleSE.mat
  artifactKey: Guid(b9199cd396572d94ab3e1dccb5b6e16f) Importer(815301076,1909f56bfc062723c751e8b465ee728b)
Start importing Assets/final/initialParticleSE.mat using Guid(b9199cd396572d94ab3e1dccb5b6e16f) Importer(815301076,1909f56bfc062723c751e8b465ee728b)  -> (artifact id: 'd0c0e4c68dc72cdd5f0d3ddf9343be1a') in 0.020096 seconds
  Import took 0.022329 seconds .

========================================================================
Received Import Request.
  Time since last request: 0.000657 seconds.
  path: Assets/final/blinn8SG.mat
  artifactKey: Guid(300869372bc460244b04494c1458286f) Importer(815301076,1909f56bfc062723c751e8b465ee728b)
Start importing Assets/final/blinn8SG.mat using Guid(300869372bc460244b04494c1458286f) Importer(815301076,1909f56bfc062723c751e8b465ee728b)  -> (artifact id: 'da047c2f9e1f98102d7feca216073b62') in 0.018140 seconds
  Import took 0.021292 seconds .

========================================================================
Received Import Request.
  Time since last request: 0.000196 seconds.
  path: Assets/final/blinn28SG.mat
  artifactKey: Guid(d21d943763e464d4187ae9c4333243b8) Importer(815301076,1909f56bfc062723c751e8b465ee728b)
Start importing Assets/final/blinn28SG.mat using Guid(d21d943763e464d4187ae9c4333243b8) Importer(815301076,1909f56bfc062723c751e8b465ee728b)  -> (artifact id: '625a96316753fb2f1babcd68be2cd1eb') in 0.018073 seconds
  Import took 0.020111 seconds .

========================================================================
Received Import Request.
  Time since last request: 0.000231 seconds.
  path: Assets/final/initialShadingGroup.mat
  artifactKey: Guid(c988910db823bd5498604594f2df128d) Importer(815301076,1909f56bfc062723c751e8b465ee728b)
Start importing Assets/final/initialShadingGroup.mat using Guid(c988910db823bd5498604594f2df128d) Importer(815301076,1909f56bfc062723c751e8b465ee728b)  -> (artifact id: '984c57fd7ebabf230a6a2610a3845358') in 0.019009 seconds
  Import took 0.021088 seconds .

========================================================================
Received Import Request.
  Time since last request: 0.000246 seconds.
  path: Assets/final/blinn13SG.mat
  artifactKey: Guid(40fd1130005ca8049bae4bcf64b48566) Importer(815301076,1909f56bfc062723c751e8b465ee728b)
Start importing Assets/final/blinn13SG.mat using Guid(40fd1130005ca8049bae4bcf64b48566) Importer(815301076,1909f56bfc062723c751e8b465ee728b)  -> (artifact id: '2977dadaabbc5b1ebdcca2f1197e4746') in 0.016041 seconds
  Import took 0.044548 seconds .

========================================================================
Received Import Request.
  Time since last request: 0.000196 seconds.
  path: Assets/final/blinn6SG.mat
  artifactKey: Guid(f0861b489e62e8b429d13d72b64124e1) Importer(815301076,1909f56bfc062723c751e8b465ee728b)
Start importing Assets/final/blinn6SG.mat using Guid(f0861b489e62e8b429d13d72b64124e1) Importer(815301076,1909f56bfc062723c751e8b465ee728b)  -> (artifact id: '63dfa809c80415f0d4005574db4b17d8') in 0.017656 seconds
  Import took 0.019744 seconds .

========================================================================
Received Import Request.
  Time since last request: 0.000240 seconds.
  path: Assets/final/blinn26SG.mat
  artifactKey: Guid(a7fa565f486cdc34392ba80a7e9b6baf) Importer(815301076,1909f56bfc062723c751e8b465ee728b)
Start importing Assets/final/blinn26SG.mat using Guid(a7fa565f486cdc34392ba80a7e9b6baf) Importer(815301076,1909f56bfc062723c751e8b465ee728b)  -> (artifact id: '6846ebe455de95fd73ebc6fdd5ddf032') in 0.015950 seconds
  Import took 0.018680 seconds .

========================================================================
Received Import Request.
  Time since last request: 0.000211 seconds.
  path: Assets/final/blinn27SG.mat
  artifactKey: Guid(2013aa3ead46f6c46a54814b5df7f4ce) Importer(815301076,1909f56bfc062723c751e8b465ee728b)
Start importing Assets/final/blinn27SG.mat using Guid(2013aa3ead46f6c46a54814b5df7f4ce) Importer(815301076,1909f56bfc062723c751e8b465ee728b)  -> (artifact id: '5deb01fdeed8a9e3266538aba9f38ccd') in 0.014011 seconds
  Import took 0.016050 seconds .

========================================================================
Received Import Request.
  Time since last request: 0.000165 seconds.
  path: Assets/final/blinn29SG.mat
  artifactKey: Guid(f30ecf6cf7950644198f732ab9277de4) Importer(815301076,1909f56bfc062723c751e8b465ee728b)
Start importing Assets/final/blinn29SG.mat using Guid(f30ecf6cf7950644198f732ab9277de4) Importer(815301076,1909f56bfc062723c751e8b465ee728b)  -> (artifact id: 'cf1a7c49d909be51779a498a5852eb56') in 0.038621 seconds
  Import took 0.041490 seconds .

========================================================================
Received Import Request.
  Time since last request: 0.000349 seconds.
  path: Assets/final/blinn7SG.mat
  artifactKey: Guid(28245b63103394a4cb2aec84e003d458) Importer(815301076,1909f56bfc062723c751e8b465ee728b)
Start importing Assets/final/blinn7SG.mat using Guid(28245b63103394a4cb2aec84e003d458) Importer(815301076,1909f56bfc062723c751e8b465ee728b)  -> (artifact id: 'e079e557d217fb0297922ae699845e9c') in 0.015547 seconds
  Import took 0.017812 seconds .

========================================================================
Received Import Request.
  Time since last request: 0.000188 seconds.
  path: Assets/final/blinn32SG.mat
  artifactKey: Guid(664542a7257672e44af1b2cd33319b25) Importer(815301076,1909f56bfc062723c751e8b465ee728b)
Start importing Assets/final/blinn32SG.mat using Guid(664542a7257672e44af1b2cd33319b25) Importer(815301076,1909f56bfc062723c751e8b465ee728b)  -> (artifact id: 'c29458ebe82c5dc22d5920eb8ad44cce') in 0.019868 seconds
  Import took 0.021902 seconds .

========================================================================
Received Import Request.
  Time since last request: 0.000194 seconds.
  path: Assets/final/blinn24SG.mat
  artifactKey: Guid(cbdeb6bd50337b840bb3953b2ebfa638) Importer(815301076,1909f56bfc062723c751e8b465ee728b)
Start importing Assets/final/blinn24SG.mat using Guid(cbdeb6bd50337b840bb3953b2ebfa638) Importer(815301076,1909f56bfc062723c751e8b465ee728b)  -> (artifact id: 'd5085d62d2712f949bd5354df31dd33d') in 0.014597 seconds
  Import took 0.016833 seconds .

========================================================================
Received Import Request.
  Time since last request: 0.002560 seconds.
  path: Assets/final/blinn32SG.mat
  artifactKey: Guid(664542a7257672e44af1b2cd33319b25) Importer(815301076,1909f56bfc062723c751e8b465ee728b)
Start importing Assets/final/blinn32SG.mat using Guid(664542a7257672e44af1b2cd33319b25) Importer(815301076,1909f56bfc062723c751e8b465ee728b)  -> (artifact id: 'c29458ebe82c5dc22d5920eb8ad44cce') in 0.008384 seconds
  Import took 0.011649 seconds .

AssetImportWorkerClient::OnTransportError - code=2 error=End of file
