Using pre-set license
Built from '2020.3/staging' branch; Version is '2020.3.5f1 (8095aa901b9b) revision 8426922'; Using compiler version '192528614'; Build Type 'Release'
OS: 'Windows 10 Enterprise; OS build 19041.985; Version 2004; 64bit' Language: 'en' Physical Memory: 8057 MB
BatchMode: 1, IsHumanControllingUs: 0, StartBugReporterOnCrash: 0, Is64bit: 1, IsPro: 0

 COMMAND LINE ARGUMENTS:
C:\Program Files\Unity\Hub\Editor\2020.3.5f1\Editor\Unity.exe
-adb2
-batchMode
-noUpm
-name
AssetImportWorker0
-projectPath
D:/GameShowIdioms/GameShowIdioms
-logFile
Logs/AssetImportWorker0.log
-srvPort
57324
Successfully changed project path to: D:/GameShowIdioms/GameShowIdioms
D:/GameShowIdioms/GameShowIdioms
Using Asset Import Pipeline V2.
Refreshing native plugins compatible for Editor in 65.49 ms, found 2 plugins.
Preloading 0 native plugins for Editor in 0.00 ms.
Initialize engine version: 2020.3.5f1 (8095aa901b9b)
[Subsystems] Discovering subsystems at path C:/Program Files/Unity/Hub/Editor/2020.3.5f1/Editor/Data/Resources/UnitySubsystems
[Subsystems] Discovering subsystems at path D:/GameShowIdioms/GameShowIdioms/Assets
GfxDevice: creating device client; threaded=0
Direct3D:
    Version:  Direct3D 11.0 [level 11.1]
    Renderer: Radeon (TM) 520 (ID=0x6665)
    Vendor:   
    VRAM:     2039 MB
    Driver:   26.20.12030.1
Initialize mono
Mono path[0] = 'C:/Program Files/Unity/Hub/Editor/2020.3.5f1/Editor/Data/Managed'
Mono path[1] = 'C:/Program Files/Unity/Hub/Editor/2020.3.5f1/Editor/Data/MonoBleedingEdge/lib/mono/unityjit'
Mono config path = 'C:/Program Files/Unity/Hub/Editor/2020.3.5f1/Editor/Data/MonoBleedingEdge/etc'
Using monoOptions --debugger-agent=transport=dt_socket,embedding=1,server=y,suspend=n,address=127.0.0.1:56004
Begin MonoManager ReloadAssembly
Registering precompiled unity dll's ...
Register platform support module: C:/Program Files/Unity/Hub/Editor/2020.3.5f1/Editor/Data/PlaybackEngines/WindowsStandaloneSupport/UnityEditor.WindowsStandalone.Extensions.dll
Registered in 0.002006 seconds.
Native extension for WindowsStandalone target not found
Refreshing native plugins compatible for Editor in 41.88 ms, found 2 plugins.
Preloading 0 native plugins for Editor in 0.00 ms.
Mono: successfully reloaded assembly
- Completed reload, in  2.075 seconds
Platform modules already initialized, skipping
Registering precompiled user dll's ...
Registered in 0.007531 seconds.
Begin MonoManager ReloadAssembly
Native extension for WindowsStandalone target not found
Refreshing native plugins compatible for Editor in 1.26 ms, found 2 plugins.
Preloading 0 native plugins for Editor in 0.00 ms.
Mono: successfully reloaded assembly
- Completed reload, in  1.160 seconds
Platform modules already initialized, skipping
========================================================================
Worker process is ready to serve import requests
Launched and connected shader compiler UnityShaderCompiler.exe after 0.04 seconds
Refreshing native plugins compatible for Editor in 1.18 ms, found 2 plugins.
Preloading 0 native plugins for Editor in 0.00 ms.
Unloading 1998 Unused Serialized files (Serialized files now loaded: 0)
System memory in use before: 84.2 MB.
System memory in use after: 84.3 MB.

Unloading 135 unused Assets to reduce memory usage. Loaded Objects now: 2336.
Total: 6.558900 ms (FindLiveObjects: 0.420700 ms CreateObjectMapping: 0.214100 ms MarkObjects: 5.809900 ms  DeleteObjects: 0.112400 ms)

========================================================================
Received Import Request.
  path: Assets/VFX
  artifactKey: Guid(8f17b3137d5aa1844b0c476fba08ce30) Importer(815301076,1909f56bfc062723c751e8b465ee728b)
Start importing Assets/VFX using Guid(8f17b3137d5aa1844b0c476fba08ce30) Importer(815301076,1909f56bfc062723c751e8b465ee728b)  -> (artifact id: 'ea745dc3896c62476139f2e776799200') in 0.009674 seconds
  Import took 0.438203 seconds .

========================================================================
Received Import Request.
  Time since last request: 0.000921 seconds.
  path: Assets/VFX/NewVfx
  artifactKey: Guid(7f02ca5862009054faf1188c4e2342cd) Importer(815301076,1909f56bfc062723c751e8b465ee728b)
Start importing Assets/VFX/NewVfx using Guid(7f02ca5862009054faf1188c4e2342cd) Importer(815301076,1909f56bfc062723c751e8b465ee728b)  -> (artifact id: '4c10d9e0c388f292e62a30fc65c919e3') in 0.007091 seconds
  Import took 0.061915 seconds .

========================================================================
Received Import Request.
  Time since last request: 0.000321 seconds.
  path: Assets/VFX/NewVfx/Epic Toon FX
  artifactKey: Guid(9ce49cc092f4256449b0749cd3a6cbc1) Importer(815301076,1909f56bfc062723c751e8b465ee728b)
Start importing Assets/VFX/NewVfx/Epic Toon FX using Guid(9ce49cc092f4256449b0749cd3a6cbc1) Importer(815301076,1909f56bfc062723c751e8b465ee728b)  -> (artifact id: '02f15ce2336c4d91678f30a34ae58af8') in 0.005946 seconds
  Import took 0.145197 seconds .

========================================================================
Received Import Request.
  Time since last request: 1.466430 seconds.
  path: Assets/VFX/NewVfx/Epic Toon FX/Prefabs
  artifactKey: Guid(cdba21cf784bc694da3ae833f7e6692a) Importer(815301076,1909f56bfc062723c751e8b465ee728b)
Start importing Assets/VFX/NewVfx/Epic Toon FX/Prefabs using Guid(cdba21cf784bc694da3ae833f7e6692a) Importer(815301076,1909f56bfc062723c751e8b465ee728b)  -> (artifact id: '91e4e4165db8dd8ff8af93b55473c4db') in 0.007652 seconds
  Import took 0.142754 seconds .

========================================================================
Received Import Request.
  Time since last request: 1.019992 seconds.
  path: Assets/VFX/NewVfx/Epic Toon FX/Prefabs/Environment
  artifactKey: Guid(564a729169e416b4982bba56e50ddf34) Importer(815301076,1909f56bfc062723c751e8b465ee728b)
Start importing Assets/VFX/NewVfx/Epic Toon FX/Prefabs/Environment using Guid(564a729169e416b4982bba56e50ddf34) Importer(815301076,1909f56bfc062723c751e8b465ee728b)  -> (artifact id: 'd2c90579cd2fa032b88ca9ae9a128230') in 0.006947 seconds
  Import took 0.216063 seconds .

========================================================================
Received Import Request.
  Time since last request: 0.543376 seconds.
  path: Assets/VFX/NewVfx/Epic Toon FX/Prefabs/Environment/Confetti
  artifactKey: Guid(03ef2c6f9e9cf464e8d698dec862f499) Importer(815301076,1909f56bfc062723c751e8b465ee728b)
Start importing Assets/VFX/NewVfx/Epic Toon FX/Prefabs/Environment/Confetti using Guid(03ef2c6f9e9cf464e8d698dec862f499) Importer(815301076,1909f56bfc062723c751e8b465ee728b)  -> (artifact id: 'c251bf5a3cb69635cdb007ca16e03346') in 0.007083 seconds
  Import took 0.095276 seconds .

========================================================================
Received Import Request.
  Time since last request: 0.624600 seconds.
  path: Assets/VFX/NewVfx/Epic Toon FX/Prefabs/Environment/Confetti/Shower
  artifactKey: Guid(07c50fd754f405d4a92cf5f168b96285) Importer(815301076,1909f56bfc062723c751e8b465ee728b)
Start importing Assets/VFX/NewVfx/Epic Toon FX/Prefabs/Environment/Confetti/Shower using Guid(07c50fd754f405d4a92cf5f168b96285) Importer(815301076,1909f56bfc062723c751e8b465ee728b)  -> (artifact id: 'fb850e546f938abcadea092b594ccede') in 0.008420 seconds
  Import took 0.054876 seconds .

========================================================================
Received Prepare
Registering precompiled user dll's ...
Registered in 0.061453 seconds.
Begin MonoManager ReloadAssembly
Native extension for WindowsStandalone target not found
Refreshing native plugins compatible for Editor in 2.14 ms, found 2 plugins.
Preloading 0 native plugins for Editor in 0.00 ms.
Mono: successfully reloaded assembly
- Completed reload, in  1.474 seconds
Platform modules already initialized, skipping
Switching build target platform(5) subTarget(0) extendedPlatform(0) -> platform(13) subTarget(589824) extendedPlatform(0)
Refreshing native plugins compatible for Editor in 2.38 ms, found 2 plugins.
Preloading 0 native plugins for Editor in 0.00 ms.
Unloading 1995 Unused Serialized files (Serialized files now loaded: 0)
System memory in use before: 83.3 MB.
System memory in use after: 83.4 MB.

Unloading 133 unused Assets to reduce memory usage. Loaded Objects now: 2351.
Total: 7.147100 ms (FindLiveObjects: 1.046800 ms CreateObjectMapping: 0.213700 ms MarkObjects: 5.779800 ms  DeleteObjects: 0.103600 ms)

AssetImportParameters requested are different than current active one (requested -> active):
  custom:graphics/normal-map-encoding: 01000000000000000000000000000000 -> 02000000000000000000000000000000
========================================================================
Received Import Request.
  Time since last request: 163.300539 seconds.
  path: Assets/JMO Assets
  artifactKey: Guid(7cf3cd89d95edeb4ea2841e92b4d4a5a) Importer(815301076,1909f56bfc062723c751e8b465ee728b)
Start importing Assets/JMO Assets using Guid(7cf3cd89d95edeb4ea2841e92b4d4a5a) Importer(815301076,1909f56bfc062723c751e8b465ee728b)  -> (artifact id: '994e21401d7f6b9fa83a3f5279288123') in 0.012051 seconds
  Import took 0.056646 seconds .

========================================================================
Received Import Request.
  Time since last request: 1.233778 seconds.
  path: Assets/JMO Assets/Cartoon FX Easy Editor
  artifactKey: Guid(7a7171bf41aeb6949b08451fbcd42dd7) Importer(815301076,1909f56bfc062723c751e8b465ee728b)
Start importing Assets/JMO Assets/Cartoon FX Easy Editor using Guid(7a7171bf41aeb6949b08451fbcd42dd7) Importer(815301076,1909f56bfc062723c751e8b465ee728b)  -> (artifact id: 'e7097d4b17b3d78aa7971e91601a316a') in 0.007415 seconds
  Import took 0.011273 seconds .

========================================================================
Received Import Request.
  Time since last request: 0.001295 seconds.
  path: Assets/JMO Assets/Cartoon FX Easy Editor
  artifactKey: Guid(7a7171bf41aeb6949b08451fbcd42dd7) Importer(815301076,1909f56bfc062723c751e8b465ee728b)
Start importing Assets/JMO Assets/Cartoon FX Easy Editor using Guid(7a7171bf41aeb6949b08451fbcd42dd7) Importer(815301076,1909f56bfc062723c751e8b465ee728b)  -> (artifact id: 'e7097d4b17b3d78aa7971e91601a316a') in 0.002269 seconds
  Import took 0.005888 seconds .

========================================================================
Received Import Request.
  Time since last request: 2.301628 seconds.
  path: Assets/JMO Assets/Cartoon FX
  artifactKey: Guid(c865e48369a325f4784ecd8444d1ec51) Importer(815301076,1909f56bfc062723c751e8b465ee728b)
Start importing Assets/JMO Assets/Cartoon FX using Guid(c865e48369a325f4784ecd8444d1ec51) Importer(815301076,1909f56bfc062723c751e8b465ee728b)  -> (artifact id: '7b0c5e7549fa54e0f5b041dc07ba6d84') in 0.007953 seconds
  Import took 0.011883 seconds .

========================================================================
Received Import Request.
  Time since last request: 1.819321 seconds.
  path: Assets/JMO Assets/Cartoon FX/Demo
  artifactKey: Guid(e6fdcf828c6e2b0449c56aec449fa3c5) Importer(815301076,1909f56bfc062723c751e8b465ee728b)
Start importing Assets/JMO Assets/Cartoon FX/Demo using Guid(e6fdcf828c6e2b0449c56aec449fa3c5) Importer(815301076,1909f56bfc062723c751e8b465ee728b)  -> (artifact id: 'b5e1e41f73099ca9fd4154670ca9ab56') in 0.007850 seconds
  Import took 0.011293 seconds .

========================================================================
Received Import Request.
  Time since last request: 2.089434 seconds.
  path: Assets/JMO Assets/Cartoon FX/Demo/CFX Free Demo.unity
  artifactKey: Guid(0c942b2a8bc122b4697786f3bf65d1f2) Importer(815301076,1909f56bfc062723c751e8b465ee728b)
Start importing Assets/JMO Assets/Cartoon FX/Demo/CFX Free Demo.unity using Guid(0c942b2a8bc122b4697786f3bf65d1f2) Importer(815301076,1909f56bfc062723c751e8b465ee728b)  -> (artifact id: 'fd0a1ce7c8b880a57e1a698b7a580423') in 0.015578 seconds
  Import took 0.019806 seconds .

========================================================================
Received Import Request.
  Time since last request: 57.441300 seconds.
  path: Assets/JMO Assets/Cartoon FX/CFX Prefabs
  artifactKey: Guid(f348a2fb2f8a7fe4e82fb08818415884) Importer(815301076,1909f56bfc062723c751e8b465ee728b)
Start importing Assets/JMO Assets/Cartoon FX/CFX Prefabs using Guid(f348a2fb2f8a7fe4e82fb08818415884) Importer(815301076,1909f56bfc062723c751e8b465ee728b)  -> (artifact id: '7e692269001c97cd5f27dad1c4515000') in 0.008479 seconds
  Import took 0.012944 seconds .

========================================================================
Received Import Request.
  Time since last request: 0.000566 seconds.
  path: Assets/JMO Assets/Cartoon FX/CFX Prefabs
  artifactKey: Guid(f348a2fb2f8a7fe4e82fb08818415884) Importer(815301076,1909f56bfc062723c751e8b465ee728b)
Start importing Assets/JMO Assets/Cartoon FX/CFX Prefabs using Guid(f348a2fb2f8a7fe4e82fb08818415884) Importer(815301076,1909f56bfc062723c751e8b465ee728b)  -> (artifact id: '7e692269001c97cd5f27dad1c4515000') in 0.002531 seconds
  Import took 0.006824 seconds .

========================================================================
Received Import Request.
  Time since last request: 1.387925 seconds.
  path: Assets/JMO Assets/Cartoon FX/CFX Prefabs/Hits
  artifactKey: Guid(45653d11d228e594498b3d9119285e35) Importer(815301076,1909f56bfc062723c751e8b465ee728b)
Start importing Assets/JMO Assets/Cartoon FX/CFX Prefabs/Hits using Guid(45653d11d228e594498b3d9119285e35) Importer(815301076,1909f56bfc062723c751e8b465ee728b)  -> (artifact id: '11a9c1be09727d19d1d59884a32995b8') in 0.006103 seconds
  Import took 0.267101 seconds .

========================================================================
Received Import Request.
  Time since last request: 0.000465 seconds.
  path: Assets/JMO Assets/Cartoon FX/CFX Prefabs/Hits/CFX_Hit_C White.prefab
  artifactKey: Guid(f06e78284f831ae469c74624ab5d513b) Importer(815301076,1909f56bfc062723c751e8b465ee728b)
Start importing Assets/JMO Assets/Cartoon FX/CFX Prefabs/Hits/CFX_Hit_C White.prefab using Guid(f06e78284f831ae469c74624ab5d513b) Importer(815301076,1909f56bfc062723c751e8b465ee728b)  -> (artifact id: '576b771deedd3aae59f7b269b52a60db') in 0.045531 seconds
  Import took 0.048592 seconds .

========================================================================
Received Import Request.
  Time since last request: 0.000282 seconds.
  path: Assets/JMO Assets/Cartoon FX/CFX Prefabs/Hits/CFX_Hit_A Red+RandomText.prefab
  artifactKey: Guid(f95ff734540a0d749be6571b6cb5b37f) Importer(815301076,1909f56bfc062723c751e8b465ee728b)
Start importing Assets/JMO Assets/Cartoon FX/CFX Prefabs/Hits/CFX_Hit_A Red+RandomText.prefab using Guid(f95ff734540a0d749be6571b6cb5b37f) Importer(815301076,1909f56bfc062723c751e8b465ee728b)  -> (artifact id: '3071d8896c7fbd1b75a80d9751a1b99b') in 0.011320 seconds
  Import took 0.174524 seconds .

========================================================================
Received Import Request.
  Time since last request: 29.644084 seconds.
  path: Assets/JMO Assets/Cartoon FX/Materials/Texts/CFX_Text_Hit_Random.mat
  artifactKey: Guid(fb611baba0c0bec45b460e1cc30fddf3) Importer(815301076,1909f56bfc062723c751e8b465ee728b)
Start importing Assets/JMO Assets/Cartoon FX/Materials/Texts/CFX_Text_Hit_Random.mat using Guid(fb611baba0c0bec45b460e1cc30fddf3) Importer(815301076,1909f56bfc062723c751e8b465ee728b)  -> (artifact id: 'c5ac71fd7ae7f028ed9c65df07acefee') in 0.347425 seconds
  Import took 0.390681 seconds .

========================================================================
Received Import Request.
  Time since last request: 21.392361 seconds.
  path: Assets/Scenes/Game Show scene.unity
  artifactKey: Guid(53d0e4dae02805e489a0509c61e51d3c) Importer(815301076,1909f56bfc062723c751e8b465ee728b)
Start importing Assets/Scenes/Game Show scene.unity using Guid(53d0e4dae02805e489a0509c61e51d3c) Importer(815301076,1909f56bfc062723c751e8b465ee728b)  -> (artifact id: 'dff74efbb6319114ec0583b8f51ba7f3') in 0.008676 seconds
  Import took 0.018489 seconds .

========================================================================
Received Prepare
Registering precompiled user dll's ...
Registered in 0.007781 seconds.
Begin MonoManager ReloadAssembly
Native extension for WindowsStandalone target not found
Refreshing native plugins compatible for Editor in 1.36 ms, found 2 plugins.
Preloading 0 native plugins for Editor in 0.00 ms.
Mono: successfully reloaded assembly
- Completed reload, in  1.418 seconds
Platform modules already initialized, skipping
Script is not up to date after domain reload: guid(476513c107182fd499ad7e469efb12a1) path("Assets/ObjectShake.cs") state(2)
Switching build target platform(5) subTarget(0) extendedPlatform(0) -> platform(13) subTarget(589824) extendedPlatform(0)
Refreshing native plugins compatible for Editor in 1.24 ms, found 2 plugins.
Preloading 0 native plugins for Editor in 0.00 ms.
Unloading 1995 Unused Serialized files (Serialized files now loaded: 0)
System memory in use before: 86.6 MB.
System memory in use after: 86.6 MB.

Unloading 133 unused Assets to reduce memory usage. Loaded Objects now: 2395.
Total: 6.771500 ms (FindLiveObjects: 0.257600 ms CreateObjectMapping: 0.095800 ms MarkObjects: 6.284100 ms  DeleteObjects: 0.131400 ms)

AssetImportParameters requested are different than current active one (requested -> active):
  custom:graphics/normal-map-encoding: 01000000000000000000000000000000 -> 02000000000000000000000000000000
========================================================================
Received Prepare
Registering precompiled user dll's ...
Registered in 0.008251 seconds.
Begin MonoManager ReloadAssembly
Native extension for WindowsStandalone target not found
Refreshing native plugins compatible for Editor in 1.32 ms, found 2 plugins.
Preloading 0 native plugins for Editor in 0.00 ms.
Mono: successfully reloaded assembly
- Completed reload, in  1.154 seconds
Platform modules already initialized, skipping
Switching build target platform(5) subTarget(0) extendedPlatform(0) -> platform(13) subTarget(589824) extendedPlatform(0)
Refreshing native plugins compatible for Editor in 1.31 ms, found 2 plugins.
Preloading 0 native plugins for Editor in 0.00 ms.
Unloading 1996 Unused Serialized files (Serialized files now loaded: 0)
System memory in use before: 86.6 MB.
System memory in use after: 86.7 MB.

Unloading 133 unused Assets to reduce memory usage. Loaded Objects now: 2399.
Total: 9.911100 ms (FindLiveObjects: 0.495300 ms CreateObjectMapping: 0.258000 ms MarkObjects: 9.052900 ms  DeleteObjects: 0.102300 ms)

AssetImportParameters requested are different than current active one (requested -> active):
  custom:graphics/normal-map-encoding: 01000000000000000000000000000000 -> 02000000000000000000000000000000
========================================================================
Received Prepare
Registering precompiled user dll's ...
Registered in 0.009041 seconds.
Begin MonoManager ReloadAssembly
Native extension for WindowsStandalone target not found
Refreshing native plugins compatible for Editor in 1.35 ms, found 2 plugins.
Preloading 0 native plugins for Editor in 0.00 ms.
Mono: successfully reloaded assembly
- Completed reload, in  1.403 seconds
Platform modules already initialized, skipping
Switching build target platform(5) subTarget(0) extendedPlatform(0) -> platform(13) subTarget(589824) extendedPlatform(0)
Refreshing native plugins compatible for Editor in 1.33 ms, found 2 plugins.
Preloading 0 native plugins for Editor in 0.00 ms.
Unloading 1996 Unused Serialized files (Serialized files now loaded: 0)
System memory in use before: 86.6 MB.
System memory in use after: 86.7 MB.

Unloading 133 unused Assets to reduce memory usage. Loaded Objects now: 2402.
Total: 10.389700 ms (FindLiveObjects: 0.482700 ms CreateObjectMapping: 0.201200 ms MarkObjects: 9.570300 ms  DeleteObjects: 0.132500 ms)

AssetImportParameters requested are different than current active one (requested -> active):
  custom:graphics/normal-map-encoding: 01000000000000000000000000000000 -> 02000000000000000000000000000000
========================================================================
Received Import Request.
  Time since last request: 171.230559 seconds.
  path: Assets/ObjectShake.cs
  artifactKey: Guid(476513c107182fd499ad7e469efb12a1) Importer(815301076,1909f56bfc062723c751e8b465ee728b)
Start importing Assets/ObjectShake.cs using Guid(476513c107182fd499ad7e469efb12a1) Importer(815301076,1909f56bfc062723c751e8b465ee728b)  -> (artifact id: 'd34d146e7cfc4aa21eb260815f804b27') in 0.013629 seconds
  Import took 0.260151 seconds .

========================================================================
Received Prepare
Registering precompiled user dll's ...
Registered in 0.009223 seconds.
Begin MonoManager ReloadAssembly
Native extension for WindowsStandalone target not found
Refreshing native plugins compatible for Editor in 1.33 ms, found 2 plugins.
Preloading 0 native plugins for Editor in 0.00 ms.
Mono: successfully reloaded assembly
- Completed reload, in  2.182 seconds
Platform modules already initialized, skipping
Switching build target platform(5) subTarget(0) extendedPlatform(0) -> platform(13) subTarget(589824) extendedPlatform(0)
Refreshing native plugins compatible for Editor in 1.55 ms, found 2 plugins.
Preloading 0 native plugins for Editor in 0.00 ms.
Unloading 1996 Unused Serialized files (Serialized files now loaded: 0)
System memory in use before: 86.6 MB.
System memory in use after: 86.7 MB.

Unloading 133 unused Assets to reduce memory usage. Loaded Objects now: 2405.
Total: 6.229800 ms (FindLiveObjects: 0.432700 ms CreateObjectMapping: 0.142400 ms MarkObjects: 5.541100 ms  DeleteObjects: 0.111400 ms)

AssetImportParameters requested are different than current active one (requested -> active):
  custom:graphics/normal-map-encoding: 01000000000000000000000000000000 -> 02000000000000000000000000000000
========================================================================
Received Import Request.
  Time since last request: 131.320102 seconds.
  path: Assets/ObjectShake.cs
  artifactKey: Guid(476513c107182fd499ad7e469efb12a1) Importer(815301076,1909f56bfc062723c751e8b465ee728b)
Start importing Assets/ObjectShake.cs using Guid(476513c107182fd499ad7e469efb12a1) Importer(815301076,1909f56bfc062723c751e8b465ee728b)  -> (artifact id: '6e621c157e352c443e17fb43f8d20803') in 0.120892 seconds
  Import took 0.124447 seconds .

========================================================================
Received Prepare
Registering precompiled user dll's ...
Registered in 0.007669 seconds.
Begin MonoManager ReloadAssembly
Native extension for WindowsStandalone target not found
Refreshing native plugins compatible for Editor in 2.07 ms, found 2 plugins.
Preloading 0 native plugins for Editor in 0.00 ms.
Mono: successfully reloaded assembly
- Completed reload, in  1.298 seconds
Platform modules already initialized, skipping
Switching build target platform(5) subTarget(0) extendedPlatform(0) -> platform(13) subTarget(589824) extendedPlatform(0)
Refreshing native plugins compatible for Editor in 1.32 ms, found 2 plugins.
Preloading 0 native plugins for Editor in 0.00 ms.
Unloading 1996 Unused Serialized files (Serialized files now loaded: 0)
System memory in use before: 86.6 MB.
System memory in use after: 86.7 MB.

Unloading 133 unused Assets to reduce memory usage. Loaded Objects now: 2408.
Total: 6.637800 ms (FindLiveObjects: 0.393400 ms CreateObjectMapping: 0.133600 ms MarkObjects: 5.855300 ms  DeleteObjects: 0.251800 ms)

AssetImportParameters requested are different than current active one (requested -> active):
  custom:graphics/normal-map-encoding: 01000000000000000000000000000000 -> 02000000000000000000000000000000
========================================================================
Received Prepare
Registering precompiled user dll's ...
Registered in 0.008136 seconds.
Begin MonoManager ReloadAssembly
Native extension for WindowsStandalone target not found
Refreshing native plugins compatible for Editor in 1.39 ms, found 2 plugins.
Preloading 0 native plugins for Editor in 0.00 ms.
Mono: successfully reloaded assembly
- Completed reload, in  1.302 seconds
Platform modules already initialized, skipping
Switching build target platform(5) subTarget(0) extendedPlatform(0) -> platform(13) subTarget(589824) extendedPlatform(0)
Refreshing native plugins compatible for Editor in 1.54 ms, found 2 plugins.
Preloading 0 native plugins for Editor in 0.00 ms.
Unloading 1996 Unused Serialized files (Serialized files now loaded: 0)
System memory in use before: 86.6 MB.
System memory in use after: 86.7 MB.

Unloading 133 unused Assets to reduce memory usage. Loaded Objects now: 2411.
Total: 6.273600 ms (FindLiveObjects: 0.326000 ms CreateObjectMapping: 0.199000 ms MarkObjects: 5.625800 ms  DeleteObjects: 0.120500 ms)

AssetImportParameters requested are different than current active one (requested -> active):
  custom:graphics/normal-map-encoding: 01000000000000000000000000000000 -> 02000000000000000000000000000000
========================================================================
Received Prepare
Registering precompiled user dll's ...
Registered in 0.009013 seconds.
Begin MonoManager ReloadAssembly
Native extension for WindowsStandalone target not found
Refreshing native plugins compatible for Editor in 1.93 ms, found 2 plugins.
Preloading 0 native plugins for Editor in 0.00 ms.
Mono: successfully reloaded assembly
- Completed reload, in  1.368 seconds
Platform modules already initialized, skipping
Switching build target platform(5) subTarget(0) extendedPlatform(0) -> platform(13) subTarget(589824) extendedPlatform(0)
Refreshing native plugins compatible for Editor in 1.27 ms, found 2 plugins.
Preloading 0 native plugins for Editor in 0.00 ms.
Unloading 1996 Unused Serialized files (Serialized files now loaded: 0)
System memory in use before: 86.7 MB.
System memory in use after: 86.7 MB.

Unloading 133 unused Assets to reduce memory usage. Loaded Objects now: 2414.
Total: 6.655400 ms (FindLiveObjects: 0.198300 ms CreateObjectMapping: 0.086000 ms MarkObjects: 6.248900 ms  DeleteObjects: 0.120500 ms)

AssetImportParameters requested are different than current active one (requested -> active):
  custom:graphics/normal-map-encoding: 01000000000000000000000000000000 -> 02000000000000000000000000000000
========================================================================
Received Prepare
Registering precompiled user dll's ...
Registered in 0.478592 seconds.
Begin MonoManager ReloadAssembly
Native extension for WindowsStandalone target not found
Refreshing native plugins compatible for Editor in 1.36 ms, found 2 plugins.
Preloading 0 native plugins for Editor in 0.00 ms.
Mono: successfully reloaded assembly
- Completed reload, in  1.972 seconds
Platform modules already initialized, skipping
Switching build target platform(5) subTarget(0) extendedPlatform(0) -> platform(13) subTarget(589824) extendedPlatform(0)
Refreshing native plugins compatible for Editor in 1.26 ms, found 2 plugins.
Preloading 0 native plugins for Editor in 0.00 ms.
Unloading 1996 Unused Serialized files (Serialized files now loaded: 0)
System memory in use before: 86.7 MB.
System memory in use after: 86.7 MB.

Unloading 133 unused Assets to reduce memory usage. Loaded Objects now: 2417.
Total: 6.984000 ms (FindLiveObjects: 0.536700 ms CreateObjectMapping: 0.144400 ms MarkObjects: 6.173600 ms  DeleteObjects: 0.126700 ms)

AssetImportParameters requested are different than current active one (requested -> active):
  custom:graphics/normal-map-encoding: 01000000000000000000000000000000 -> 02000000000000000000000000000000
========================================================================
Received Prepare
Registering precompiled user dll's ...
Registered in 0.007514 seconds.
Begin MonoManager ReloadAssembly
Native extension for WindowsStandalone target not found
Refreshing native plugins compatible for Editor in 1.33 ms, found 2 plugins.
Preloading 0 native plugins for Editor in 0.00 ms.
Mono: successfully reloaded assembly
- Completed reload, in  1.255 seconds
Platform modules already initialized, skipping
Switching build target platform(5) subTarget(0) extendedPlatform(0) -> platform(13) subTarget(589824) extendedPlatform(0)
Refreshing native plugins compatible for Editor in 1.34 ms, found 2 plugins.
Preloading 0 native plugins for Editor in 0.00 ms.
Unloading 1996 Unused Serialized files (Serialized files now loaded: 0)
System memory in use before: 86.7 MB.
System memory in use after: 86.7 MB.

Unloading 133 unused Assets to reduce memory usage. Loaded Objects now: 2420.
Total: 6.613000 ms (FindLiveObjects: 0.322900 ms CreateObjectMapping: 0.144800 ms MarkObjects: 6.037000 ms  DeleteObjects: 0.104800 ms)

AssetImportParameters requested are different than current active one (requested -> active):
  custom:graphics/normal-map-encoding: 01000000000000000000000000000000 -> 02000000000000000000000000000000
========================================================================
Received Prepare
Registering precompiled user dll's ...
Registered in 0.011527 seconds.
Begin MonoManager ReloadAssembly
Native extension for WindowsStandalone target not found
Refreshing native plugins compatible for Editor in 1.32 ms, found 2 plugins.
Preloading 0 native plugins for Editor in 0.00 ms.
Mono: successfully reloaded assembly
- Completed reload, in  1.315 seconds
Platform modules already initialized, skipping
Switching build target platform(5) subTarget(0) extendedPlatform(0) -> platform(13) subTarget(589824) extendedPlatform(0)
Refreshing native plugins compatible for Editor in 1.36 ms, found 2 plugins.
Preloading 0 native plugins for Editor in 0.00 ms.
Unloading 1996 Unused Serialized files (Serialized files now loaded: 0)
System memory in use before: 86.7 MB.
System memory in use after: 86.7 MB.

Unloading 133 unused Assets to reduce memory usage. Loaded Objects now: 2423.
Total: 6.493400 ms (FindLiveObjects: 0.450800 ms CreateObjectMapping: 0.174500 ms MarkObjects: 5.716400 ms  DeleteObjects: 0.149500 ms)

AssetImportParameters requested are different than current active one (requested -> active):
  custom:graphics/normal-map-encoding: 01000000000000000000000000000000 -> 02000000000000000000000000000000
========================================================================
Received Prepare
Registering precompiled user dll's ...
Registered in 0.010162 seconds.
Begin MonoManager ReloadAssembly
Native extension for WindowsStandalone target not found
Refreshing native plugins compatible for Editor in 1.32 ms, found 2 plugins.
Preloading 0 native plugins for Editor in 0.00 ms.
Mono: successfully reloaded assembly
- Completed reload, in  1.394 seconds
Platform modules already initialized, skipping
Switching build target platform(5) subTarget(0) extendedPlatform(0) -> platform(13) subTarget(589824) extendedPlatform(0)
Refreshing native plugins compatible for Editor in 1.32 ms, found 2 plugins.
Preloading 0 native plugins for Editor in 0.00 ms.
Unloading 1996 Unused Serialized files (Serialized files now loaded: 0)
System memory in use before: 86.7 MB.
System memory in use after: 86.7 MB.

Unloading 133 unused Assets to reduce memory usage. Loaded Objects now: 2426.
Total: 5.760300 ms (FindLiveObjects: 0.205600 ms CreateObjectMapping: 0.077400 ms MarkObjects: 5.369700 ms  DeleteObjects: 0.106300 ms)

AssetImportParameters requested are different than current active one (requested -> active):
  custom:graphics/normal-map-encoding: 01000000000000000000000000000000 -> 02000000000000000000000000000000
========================================================================
Received Prepare
Refreshing native plugins compatible for Editor in 25.58 ms, found 2 plugins.
Preloading 0 native plugins for Editor in 0.00 ms.
Unloading 131 Unused Serialized files (Serialized files now loaded: 0)
System memory in use before: 50.0 MB.
System memory in use after: 50.1 MB.

Unloading 131 unused Assets to reduce memory usage. Loaded Objects now: 2426.
Total: 7.579200 ms (FindLiveObjects: 0.371400 ms CreateObjectMapping: 0.097700 ms MarkObjects: 6.989400 ms  DeleteObjects: 0.117400 ms)

AssetImportWorkerClient::OnTransportError - code=2 error=End of file
